coursier.ResolutionException: Encountered 4 error(s) in dependency resolution:
    org.scala-lang.modules:scala-parser-combinators_2.11:1.0.4:
        download error: Caught java.net.UnknownHostException: repo1.maven.org (repo1.maven.org) while downloading https://repo1.maven.org/maven2/org/scala-lang/modules/scala-parser-combinators_2.11/1.0.4/scala-parser-combinators_2.11-1.0.4.pom
        not found: /Users/yevhen/.ivy2/local/org.scala-lang.modules/scala-parser-combinators_2.11/1.0.4/ivys/ivy.xml
    junit:junit:4.10:
        download error: Caught java.net.UnknownHostException: repo1.maven.org (repo1.maven.org) while downloading https://repo1.maven.org/maven2/junit/junit/4.10/junit-4.10.pom
        not found: /Users/yevhen/.ivy2/local/junit/junit/4.10/ivys/ivy.xml
    org.scalatest:scalatest_2.11:2.2.4:
        download error: Caught java.net.UnknownHostException: repo1.maven.org (repo1.maven.org) while downloading https://repo1.maven.org/maven2/org/scalatest/scalatest_2.11/2.2.4/scalatest_2.11-2.2.4.pom
        not found: /Users/yevhen/.ivy2/local/org.scalatest/scalatest_2.11/2.2.4/ivys/ivy.xml
    org.scala-lang:scala-library:2.11.12:
        download error: Caught java.net.UnknownHostException: repo1.maven.org (repo1.maven.org) while downloading https://repo1.maven.org/maven2/org/scala-lang/scala-library/2.11.12/scala-library-2.11.12.pom
        not found: /Users/yevhen/.ivy2/local/org.scala-lang/scala-library/2.11.12/ivys/ivy.xml
[error] (*:ssExtractDependencies) coursier.ResolutionException: Encountered 4 error(s) in dependency resolution:
[error]     org.scala-lang.modules:scala-parser-combinators_2.11:1.0.4:
[error]         download error: Caught java.net.UnknownHostException: repo1.maven.org (repo1.maven.org) while downloading https://repo1.maven.org/maven2/org/scala-lang/modules/scala-parser-combinators_2.11/1.0.4/scala-parser-combinators_2.11-1.0.4.pom
[error]         not found: /Users/yevhen/.ivy2/local/org.scala-lang.modules/scala-parser-combinators_2.11/1.0.4/ivys/ivy.xml
[error]     junit:junit:4.10:
[error]         download error: Caught java.net.UnknownHostException: repo1.maven.org (repo1.maven.org) while downloading https://repo1.maven.org/maven2/junit/junit/4.10/junit-4.10.pom
[error]         not found: /Users/yevhen/.ivy2/local/junit/junit/4.10/ivys/ivy.xml
[error]     org.scalatest:scalatest_2.11:2.2.4:
[error]         download error: Caught java.net.UnknownHostException: repo1.maven.org (repo1.maven.org) while downloading https://repo1.maven.org/maven2/org/scalatest/scalatest_2.11/2.2.4/scalatest_2.11-2.2.4.pom
[error]         not found: /Users/yevhen/.ivy2/local/org.scalatest/scalatest_2.11/2.2.4/ivys/ivy.xml
[error]     org.scala-lang:scala-library:2.11.12:
[error]         download error: Caught java.net.UnknownHostException: repo1.maven.org (repo1.maven.org) while downloading https://repo1.maven.org/maven2/org/scala-lang/scala-library/2.11.12/scala-library-2.11.12.pom
[error]         not found: /Users/yevhen/.ivy2/local/org.scala-lang/scala-library/2.11.12/ivys/ivy.xml
